Using pre-set license
Built from '2022.3/staging' branch; Version is '2022.3.9f1 (ea401c316338) revision 15351836'; Using compiler version '192829333'; Build Type 'Release'
OS: 'Windows 11  (10.0.22631) 64bit Core' Language: 'en' Physical Memory: 15739 MB
BatchMode: 1, IsHumanControllingUs: 0, StartBugReporterOnCrash: 0, Is64bit: 1, IsPro: 1

COMMAND LINE ARGUMENTS:
C:\Program Files\Unity\Hub\Editor\2022.3.9f1\Editor\Unity.exe
-adb2
-batchMode
-noUpm
-name
AssetImportWorker1
-projectPath
C:/Users/scott/My project
-logFile
Logs/AssetImportWorker1.log
-srvPort
55772
Successfully changed project path to: C:/Users/scott/My project
C:/Users/scott/My project
[UnityMemory] Configuration Parameters - Can be set up in boot.config
    "memorysetup-bucket-allocator-granularity=16"
    "memorysetup-bucket-allocator-bucket-count=8"
    "memorysetup-bucket-allocator-block-size=33554432"
    "memorysetup-bucket-allocator-block-count=8"
    "memorysetup-main-allocator-block-size=16777216"
    "memorysetup-thread-allocator-block-size=16777216"
    "memorysetup-gfx-main-allocator-block-size=16777216"
    "memorysetup-gfx-thread-allocator-block-size=16777216"
    "memorysetup-cache-allocator-block-size=4194304"
    "memorysetup-typetree-allocator-block-size=2097152"
    "memorysetup-profiler-bucket-allocator-granularity=16"
    "memorysetup-profiler-bucket-allocator-bucket-count=8"
    "memorysetup-profiler-bucket-allocator-block-size=33554432"
    "memorysetup-profiler-bucket-allocator-block-count=8"
    "memorysetup-profiler-allocator-block-size=16777216"
    "memorysetup-profiler-editor-allocator-block-size=1048576"
    "memorysetup-temp-allocator-size-main=16777216"
    "memorysetup-job-temp-allocator-block-size=2097152"
    "memorysetup-job-temp-allocator-block-size-background=1048576"
    "memorysetup-job-temp-allocator-reduction-small-platforms=262144"
    "memorysetup-allocator-temp-initial-block-size-main=262144"
    "memorysetup-allocator-temp-initial-block-size-worker=262144"
    "memorysetup-temp-allocator-size-background-worker=32768"
    "memorysetup-temp-allocator-size-job-worker=262144"
    "memorysetup-temp-allocator-size-preload-manager=33554432"
    "memorysetup-temp-allocator-size-nav-mesh-worker=65536"
    "memorysetup-temp-allocator-size-audio-worker=65536"
    "memorysetup-temp-allocator-size-cloud-worker=32768"
    "memorysetup-temp-allocator-size-gi-baking-worker=262144"
    "memorysetup-temp-allocator-size-gfx=262144"
Player connection [28852] Host "[IP] 10.190.47.196 [Port] 0 [Flags] 2 [Guid] 3581598836 [EditorId] 3581598836 [Version] 1048832 [Id] WindowsEditor(7,DESKTOP-QFFCSRA) [Debug] 1 [PackageName] WindowsEditor [ProjectName] Editor" joined multi-casting on [225.0.0.222:54997]...

Player connection [28852] Host "[IP] 10.190.47.196 [Port] 0 [Flags] 2 [Guid] 3581598836 [EditorId] 3581598836 [Version] 1048832 [Id] WindowsEditor(7,DESKTOP-QFFCSRA) [Debug] 1 [PackageName] WindowsEditor [ProjectName] Editor" joined alternative multi-casting on [225.0.0.222:34997]...

[Physics::Module] Initialized MultithreadedJobDispatcher with 7 workers.
Refreshing native plugins compatible for Editor in 12.47 ms, found 3 plugins.
Preloading 0 native plugins for Editor in 0.00 ms.
Initialize engine version: 2022.3.9f1 (ea401c316338)
[Subsystems] Discovering subsystems at path C:/Program Files/Unity/Hub/Editor/2022.3.9f1/Editor/Data/Resources/UnitySubsystems
[Subsystems] Discovering subsystems at path C:/Users/scott/My project/Assets
GfxDevice: creating device client; threaded=0; jobified=0
Direct3D:
    Version:  Direct3D 11.0 [level 11.1]
    Renderer: AMD Radeon(TM) Graphics (ID=0x1636)
    Vendor:   ATI
    VRAM:     7869 MB
    Driver:   31.0.12044.59001
Initialize mono
Mono path[0] = 'C:/Program Files/Unity/Hub/Editor/2022.3.9f1/Editor/Data/Managed'
Mono path[1] = 'C:/Program Files/Unity/Hub/Editor/2022.3.9f1/Editor/Data/MonoBleedingEdge/lib/mono/unityjit-win32'
Mono config path = 'C:/Program Files/Unity/Hub/Editor/2022.3.9f1/Editor/Data/MonoBleedingEdge/etc'
Using monoOptions --debugger-agent=transport=dt_socket,embedding=1,server=y,suspend=n,address=127.0.0.1:56828
Begin MonoManager ReloadAssembly
Registering precompiled unity dll's ...
Register platform support module: C:/Program Files/Unity/Hub/Editor/2022.3.9f1/Editor/Data/PlaybackEngines/WindowsStandaloneSupport/UnityEditor.WindowsStandalone.Extensions.dll
Registered in 0.009364 seconds.
- Loaded All Assemblies, in  0.451 seconds
Native extension for WindowsStandalone target not found
Mono: successfully reloaded assembly
- Finished resetting the current domain, in  0.325 seconds
Domain Reload Profiling: 773ms
	BeginReloadAssembly (140ms)
		ExecutionOrderSort (0ms)
		DisableScriptedObjects (0ms)
		BackupInstance (0ms)
		ReleaseScriptingObjects (0ms)
		CreateAndSetChildDomain (1ms)
	RebuildCommonClasses (45ms)
	RebuildNativeTypeToScriptingClass (13ms)
	initialDomainReloadingComplete (71ms)
	LoadAllAssembliesAndSetupDomain (178ms)
		LoadAssemblies (137ms)
		RebuildTransferFunctionScriptingTraits (0ms)
		AnalyzeDomain (176ms)
			TypeCache.Refresh (173ms)
				TypeCache.ScanAssembly (154ms)
			ScanForSourceGeneratedMonoScriptInfo (1ms)
			ResolveRequiredComponents (1ms)
	FinalizeReload (325ms)
		ReleaseScriptCaches (0ms)
		RebuildScriptCaches (0ms)
		SetupLoadedEditorAssemblies (249ms)
			LogAssemblyErrors (0ms)
			InitializePlatformSupportModulesInManaged (13ms)
			SetLoadedEditorAssemblies (9ms)
			RefreshPlugins (0ms)
			BeforeProcessingInitializeOnLoad (3ms)
			ProcessInitializeOnLoadAttributes (165ms)
			ProcessInitializeOnLoadMethodAttributes (60ms)
			AfterProcessingInitializeOnLoad (0ms)
			EditorAssembliesLoaded (0ms)
		ExecutionOrderSort2 (0ms)
		AwakeInstancesAfterBackupRestoration (0ms)
========================================================================
Worker process is ready to serve import requests
Begin MonoManager ReloadAssembly
- Loaded All Assemblies, in  1.025 seconds
Refreshing native plugins compatible for Editor in 4.37 ms, found 3 plugins.
Native extension for WindowsStandalone target not found
Package Manager log level set to [2]
[Package Manager] Server::EnsureServerProcessIsRunning -- launch failed, reason: Unity was launched with the -noUpm command-line argument
[Package Manager] UpmClient::Send -- Unable to send message (not connected to UPM process).
[Package Manager] Cannot connect to Unity Package Manager local server
Mono: successfully reloaded assembly
- Finished resetting the current domain, in  0.878 seconds
Domain Reload Profiling: 1900ms
	BeginReloadAssembly (232ms)
		ExecutionOrderSort (0ms)
		DisableScriptedObjects (6ms)
		BackupInstance (0ms)
		ReleaseScriptingObjects (0ms)
		CreateAndSetChildDomain (34ms)
	RebuildCommonClasses (55ms)
	RebuildNativeTypeToScriptingClass (13ms)
	initialDomainReloadingComplete (58ms)
	LoadAllAssembliesAndSetupDomain (664ms)
		LoadAssemblies (573ms)
		RebuildTransferFunctionScriptingTraits (0ms)
		AnalyzeDomain (236ms)
			TypeCache.Refresh (213ms)
				TypeCache.ScanAssembly (186ms)
			ScanForSourceGeneratedMonoScriptInfo (17ms)
			ResolveRequiredComponents (4ms)
	FinalizeReload (879ms)
		ReleaseScriptCaches (0ms)
		RebuildScriptCaches (0ms)
		SetupLoadedEditorAssemblies (701ms)
			LogAssemblyErrors (0ms)
			InitializePlatformSupportModulesInManaged (8ms)
			SetLoadedEditorAssemblies (3ms)
			RefreshPlugins (0ms)
			BeforeProcessingInitializeOnLoad (66ms)
			ProcessInitializeOnLoadAttributes (584ms)
			ProcessInitializeOnLoadMethodAttributes (27ms)
			AfterProcessingInitializeOnLoad (13ms)
			EditorAssembliesLoaded (0ms)
		ExecutionOrderSort2 (0ms)
		AwakeInstancesAfterBackupRestoration (9ms)
Launched and connected shader compiler UnityShaderCompiler.exe after 0.07 seconds
Refreshing native plugins compatible for Editor in 4.66 ms, found 3 plugins.
Preloading 0 native plugins for Editor in 0.00 ms.
Unloading 3070 Unused Serialized files (Serialized files now loaded: 0)
Unloading 31 unused Assets / (56.4 KB). Loaded Objects now: 3533.
Memory consumption went from 115.1 MB to 115.0 MB.
Total: 5.472200 ms (FindLiveObjects: 0.534900 ms CreateObjectMapping: 0.097600 ms MarkObjects: 4.594000 ms  DeleteObjects: 0.244200 ms)

AssetImportParameters requested are different than current active one (requested -> active):
  custom:container-demuxer-ogg: 62fdf1f143b41e24485cea50d1cbac27 -> 
  custom:video-codec-MediaFoundation-h265: 746d11721c4dcdbdad8f713fa42b33f4 -> 
  custom:video-decoder-ogg-theora: a1e56fd34408186e4bbccfd4996cb3dc -> 
  custom:framework-win-MediaFoundation: 216162199b28c13a410421893ffa2e32 -> 
  custom:container-demuxer-webm: 4f35f7cbe854078d1ac9338744f61a02 -> 
  custom:container-muxer-webm: aa71ff27fc2769a1b78a27578f13a17b -> 
  custom:video-decoder-webm-vp8: 9c59270c3fd7afecdb556c50c9e8de78 -> 
  custom:AudioImporter_EditorPlatform: d09bf68614088b80899f8185d706f6e7 -> 
  custom:video-encoder-webm-vp8: eb34c28f22e8b96e1ab97ce403110664 -> 
  custom:audio-decoder-ogg-vorbis: bf7c407c2cedff20999df2af8eb42d56 -> 
  custom:audio-encoder-webm-vorbis: bf7c407c2cedff20999df2af8eb42d56 -> 
========================================================================
Received Prepare
Refreshing native plugins compatible for Editor in 5.78 ms, found 3 plugins.
Preloading 0 native plugins for Editor in 0.00 ms.
Unloading 1 Unused Serialized files (Serialized files now loaded: 0)
Unloading 1 unused Assets / (3.0 KB). Loaded Objects now: 3533.
Memory consumption went from 66.6 MB to 66.6 MB.
Total: 4.594900 ms (FindLiveObjects: 0.344500 ms CreateObjectMapping: 0.129400 ms MarkObjects: 4.088400 ms  DeleteObjects: 0.030700 ms)

Prepare: number of updated asset objects reloaded= 0
AssetImportParameters requested are different than current active one (requested -> active):
  custom:container-demuxer-ogg: 62fdf1f143b41e24485cea50d1cbac27 -> 
  custom:video-codec-MediaFoundation-h265: 746d11721c4dcdbdad8f713fa42b33f4 -> 
  custom:video-decoder-ogg-theora: a1e56fd34408186e4bbccfd4996cb3dc -> 
  custom:framework-win-MediaFoundation: 216162199b28c13a410421893ffa2e32 -> 
  custom:container-demuxer-webm: 4f35f7cbe854078d1ac9338744f61a02 -> 
  custom:container-muxer-webm: aa71ff27fc2769a1b78a27578f13a17b -> 
  custom:video-decoder-webm-vp8: 9c59270c3fd7afecdb556c50c9e8de78 -> 
  custom:SearchIndexIgnoredProperties: e643bd26f0fe6173181afceb89e7c659 -> 
  custom:AudioImporter_EditorPlatform: d09bf68614088b80899f8185d706f6e7 -> 
  custom:video-encoder-webm-vp8: eb34c28f22e8b96e1ab97ce403110664 -> 
  custom:audio-decoder-ogg-vorbis: bf7c407c2cedff20999df2af8eb42d56 -> 
  custom:audio-encoder-webm-vorbis: bf7c407c2cedff20999df2af8eb42d56 -> 
========================================================================
Received Prepare
Refreshing native plugins compatible for Editor in 6.42 ms, found 3 plugins.
Preloading 0 native plugins for Editor in 0.00 ms.
Unloading 1 Unused Serialized files (Serialized files now loaded: 0)
Unloading 1 unused Assets / (3.0 KB). Loaded Objects now: 3533.
Memory consumption went from 66.2 MB to 66.2 MB.
Total: 4.822200 ms (FindLiveObjects: 0.383300 ms CreateObjectMapping: 0.171100 ms MarkObjects: 4.222300 ms  DeleteObjects: 0.043400 ms)

Prepare: number of updated asset objects reloaded= 0
AssetImportParameters requested are different than current active one (requested -> active):
  custom:container-demuxer-ogg: 62fdf1f143b41e24485cea50d1cbac27 -> 
  custom:video-codec-MediaFoundation-h265: 746d11721c4dcdbdad8f713fa42b33f4 -> 
  custom:video-decoder-ogg-theora: a1e56fd34408186e4bbccfd4996cb3dc -> 
  custom:framework-win-MediaFoundation: 216162199b28c13a410421893ffa2e32 -> 
  custom:CustomObjectIndexerAttribute: 756ad292c208cfabdd7b50bc23989ffe -> 
  custom:container-demuxer-webm: 4f35f7cbe854078d1ac9338744f61a02 -> 
  custom:container-muxer-webm: aa71ff27fc2769a1b78a27578f13a17b -> 
  custom:video-decoder-webm-vp8: 9c59270c3fd7afecdb556c50c9e8de78 -> 
  custom:SearchIndexIgnoredProperties: e643bd26f0fe6173181afceb89e7c659 -> 
  custom:AudioImporter_EditorPlatform: d09bf68614088b80899f8185d706f6e7 -> 
  custom:video-encoder-webm-vp8: eb34c28f22e8b96e1ab97ce403110664 -> 
  custom:audio-decoder-ogg-vorbis: bf7c407c2cedff20999df2af8eb42d56 -> 
  custom:audio-encoder-webm-vorbis: bf7c407c2cedff20999df2af8eb42d56 -> 
========================================================================
Received Import Request.
  Time since last request: 2110751.237295 seconds.
  path: Assets/Models/FirstShader.shader
  artifactKey: Guid(2dbfe560be47c8b46af6b9f7bc227375) Importer(815301076,1909f56bfc062723c751e8b465ee728b)
Start importing Assets/Models/FirstShader.shader using Guid(2dbfe560be47c8b46af6b9f7bc227375) Importer(815301076,1909f56bfc062723c751e8b465ee728b)  -> (artifact id: '7dd37f297fd0023a3bce0cc3a86f003f') in 0.037684 seconds
Number of updated asset objects reloaded before import = 1
Number of asset objects unloaded after import = 0
========================================================================
Received Import Request.
  Time since last request: 35.523324 seconds.
  path: Assets/Models/FirstShader.shader
  artifactKey: Guid(2dbfe560be47c8b46af6b9f7bc227375) Importer(815301076,1909f56bfc062723c751e8b465ee728b)
Start importing Assets/Models/FirstShader.shader using Guid(2dbfe560be47c8b46af6b9f7bc227375) Importer(815301076,1909f56bfc062723c751e8b465ee728b)  -> (artifact id: 'c692d58fa60a5879d93dfebfb7671737') in 0.003264 seconds
Number of updated asset objects reloaded before import = 1
Number of asset objects unloaded after import = 0
========================================================================
Received Import Request.
  Time since last request: 33.975044 seconds.
  path: Assets/Models/FirstShader.shader
  artifactKey: Guid(2dbfe560be47c8b46af6b9f7bc227375) Importer(815301076,1909f56bfc062723c751e8b465ee728b)
Start importing Assets/Models/FirstShader.shader using Guid(2dbfe560be47c8b46af6b9f7bc227375) Importer(815301076,1909f56bfc062723c751e8b465ee728b)  -> (artifact id: '4d33b35970dd5301d046942a03e5dc94') in 0.001131 seconds
Number of updated asset objects reloaded before import = 1
Number of asset objects unloaded after import = 0
========================================================================
Received Import Request.
  Time since last request: 2503.288675 seconds.
  path: Assets/Stylize Water Texture/Textures/Vol_36_5_Base_Color.png
  artifactKey: Guid(aa701e5be2dbcd24aad4fb9c3ca284da) Importer(815301076,1909f56bfc062723c751e8b465ee728b)
Start importing Assets/Stylize Water Texture/Textures/Vol_36_5_Base_Color.png using Guid(aa701e5be2dbcd24aad4fb9c3ca284da) Importer(815301076,1909f56bfc062723c751e8b465ee728b)  -> (artifact id: '40a2d909d1deeab2406edaceae9b767b') in 0.178546 seconds
Number of updated asset objects reloaded before import = 0
Number of asset objects unloaded after import = 2
========================================================================
Received Import Request.
  Time since last request: 0.000048 seconds.
  path: Assets/Stylize Water Texture/Textures/Vol_36_5_Normal.png
  artifactKey: Guid(f805e88d3eaf0f046ac4ed03de5c7c3e) Importer(815301076,1909f56bfc062723c751e8b465ee728b)
Start importing Assets/Stylize Water Texture/Textures/Vol_36_5_Normal.png using Guid(f805e88d3eaf0f046ac4ed03de5c7c3e) Importer(815301076,1909f56bfc062723c751e8b465ee728b)  -> (artifact id: '3b3cab54d7a6b56e977502823c28e21e') in 0.106763 seconds
Number of updated asset objects reloaded before import = 0
Number of asset objects unloaded after import = 2
========================================================================
Received Import Request.
  Time since last request: 27.190665 seconds.
  path: Assets/Stylize Water Texture/Materials/Stylize Water Diffuse.mat
  artifactKey: Guid(db96e04f47f6c2a44bc6bb90f93602ec) Importer(815301076,1909f56bfc062723c751e8b465ee728b)
Start importing Assets/Stylize Water Texture/Materials/Stylize Water Diffuse.mat using Guid(db96e04f47f6c2a44bc6bb90f93602ec) Importer(815301076,1909f56bfc062723c751e8b465ee728b)  -> (artifact id: 'f2d76e26ec0bb6835498c1db40d10ae7') in 0.399757 seconds
Number of updated asset objects reloaded before import = 0
Number of asset objects unloaded after import = 2
========================================================================
Received Import Request.
  Time since last request: 535.749367 seconds.
  path: Assets/SkySeries Freebie/FluffballDay.mat
  artifactKey: Guid(20d4f77b9022eab48b4d94599ed4bf82) Importer(815301076,1909f56bfc062723c751e8b465ee728b)
Start importing Assets/SkySeries Freebie/FluffballDay.mat using Guid(20d4f77b9022eab48b4d94599ed4bf82) Importer(815301076,1909f56bfc062723c751e8b465ee728b)  -> (artifact id: '7202052242ce39bb114cd3c04c19c040') in 0.347076 seconds
Number of updated asset objects reloaded before import = 0
Number of asset objects unloaded after import = 2
========================================================================
Received Import Request.
  Time since last request: 6.656315 seconds.
  path: Assets/SkySeries Freebie/FreebieHdri/CloudedSunGlow4k.hdr
  artifactKey: Guid(12c15a8e5a294be45819b1dd4b9b08d3) Importer(815301076,1909f56bfc062723c751e8b465ee728b)
Start importing Assets/SkySeries Freebie/FreebieHdri/CloudedSunGlow4k.hdr using Guid(12c15a8e5a294be45819b1dd4b9b08d3) Importer(815301076,1909f56bfc062723c751e8b465ee728b)  -> (artifact id: 'f6b67de39c967a98a4d60dae2f6f9726') in 0.144265 seconds
Number of updated asset objects reloaded before import = 0
Number of asset objects unloaded after import = 1
========================================================================
Received Import Request.
  Time since last request: 0.000129 seconds.
  path: Assets/SkySeries Freebie/FreebieHdri/CosmicCoolCloudBack.hdr
  artifactKey: Guid(a779becf00399924184cd13e046a100e) Importer(815301076,1909f56bfc062723c751e8b465ee728b)
Start importing Assets/SkySeries Freebie/FreebieHdri/CosmicCoolCloudBack.hdr using Guid(a779becf00399924184cd13e046a100e) Importer(815301076,1909f56bfc062723c751e8b465ee728b)  -> (artifact id: '5987e11a484c6a05a022309ace4d89d9') in 0.046805 seconds
Number of updated asset objects reloaded before import = 0
Number of asset objects unloaded after import = 2
========================================================================
Received Import Request.
  Time since last request: 0.000139 seconds.
  path: Assets/SkySeries Freebie/FreebieHdri/MegaSunLeft.hdr
  artifactKey: Guid(7f0373fb8ec72a142898c7984aada4b9) Importer(815301076,1909f56bfc062723c751e8b465ee728b)
Start importing Assets/SkySeries Freebie/FreebieHdri/MegaSunLeft.hdr using Guid(7f0373fb8ec72a142898c7984aada4b9) Importer(815301076,1909f56bfc062723c751e8b465ee728b)  -> (artifact id: '9c1b047ec85dbf009395b7a33d877d5b') in 0.043955 seconds
Number of updated asset objects reloaded before import = 0
Number of asset objects unloaded after import = 2
========================================================================
Received Import Request.
  Time since last request: 0.000073 seconds.
  path: Assets/SkySeries Freebie/FreebieHdri/CosmicCoolCloudTop.hdr
  artifactKey: Guid(a199da0432efa6a489df8883d1f3bfe0) Importer(815301076,1909f56bfc062723c751e8b465ee728b)
Start importing Assets/SkySeries Freebie/FreebieHdri/CosmicCoolCloudTop.hdr using Guid(a199da0432efa6a489df8883d1f3bfe0) Importer(815301076,1909f56bfc062723c751e8b465ee728b)  -> (artifact id: '5f206d3474f3207ef0ec6b65181260c5') in 0.045630 seconds
Number of updated asset objects reloaded before import = 0
Number of asset objects unloaded after import = 2
========================================================================
Received Import Request.
  Time since last request: 0.000059 seconds.
  path: Assets/SkySeries Freebie/FreebieHdri/DayInTheClouds4k.hdr
  artifactKey: Guid(90196f2c2d8d2f2448717676e1a09894) Importer(815301076,1909f56bfc062723c751e8b465ee728b)
Start importing Assets/SkySeries Freebie/FreebieHdri/DayInTheClouds4k.hdr using Guid(90196f2c2d8d2f2448717676e1a09894) Importer(815301076,1909f56bfc062723c751e8b465ee728b)  -> (artifact id: '7b393932e6b3c7f26dcb9432d61ec38c') in 0.110883 seconds
Number of updated asset objects reloaded before import = 0
Number of asset objects unloaded after import = 1
========================================================================
Received Import Request.
  Time since last request: 0.000049 seconds.
  path: Assets/SkySeries Freebie/FreebieHdri/CoriolisNight4k.hdr
  artifactKey: Guid(354036e57ae357148aed267204ce73a7) Importer(815301076,1909f56bfc062723c751e8b465ee728b)
Start importing Assets/SkySeries Freebie/FreebieHdri/CoriolisNight4k.hdr using Guid(354036e57ae357148aed267204ce73a7) Importer(815301076,1909f56bfc062723c751e8b465ee728b)  -> (artifact id: 'a65f1c9e61b5aeb74f8520ab25409c3e') in 0.114361 seconds
Number of updated asset objects reloaded before import = 0
Number of asset objects unloaded after import = 1
========================================================================
Received Import Request.
  Time since last request: 0.000114 seconds.
  path: Assets/SkySeries Freebie/FreebieHdri/FluffballDayBack.hdr
  artifactKey: Guid(50762494be58d144d98d179cd6ba1470) Importer(815301076,1909f56bfc062723c751e8b465ee728b)
Start importing Assets/SkySeries Freebie/FreebieHdri/FluffballDayBack.hdr using Guid(50762494be58d144d98d179cd6ba1470) Importer(815301076,1909f56bfc062723c751e8b465ee728b)  -> (artifact id: '8a6bc53851333e5a6685918a8ac6e6d1') in 0.044539 seconds
Number of updated asset objects reloaded before import = 0
Number of asset objects unloaded after import = 2
========================================================================
Received Import Request.
  Time since last request: 0.000035 seconds.
  path: Assets/SkySeries Freebie/FreebieHdri/CosmicCoolCloudBottom.hdr
  artifactKey: Guid(94b877781ad034640abce933599b6f2e) Importer(815301076,1909f56bfc062723c751e8b465ee728b)
Start importing Assets/SkySeries Freebie/FreebieHdri/CosmicCoolCloudBottom.hdr using Guid(94b877781ad034640abce933599b6f2e) Importer(815301076,1909f56bfc062723c751e8b465ee728b)  -> (artifact id: '84a1f18d492b5d9998847bc7d76f704d') in 0.053473 seconds
Number of updated asset objects reloaded before import = 0
Number of asset objects unloaded after import = 2
========================================================================
Received Import Request.
  Time since last request: 0.000049 seconds.
  path: Assets/SkySeries Freebie/FreebieHdri/Cloudymorning4k.hdr
  artifactKey: Guid(3b5d67736d7b8ad4f8da4d58eaef0b98) Importer(815301076,1909f56bfc062723c751e8b465ee728b)
Start importing Assets/SkySeries Freebie/FreebieHdri/Cloudymorning4k.hdr using Guid(3b5d67736d7b8ad4f8da4d58eaef0b98) Importer(815301076,1909f56bfc062723c751e8b465ee728b)  -> (artifact id: '443a4e012e91da415ab470dec6881978') in 0.115226 seconds
Number of updated asset objects reloaded before import = 0
Number of asset objects unloaded after import = 1
========================================================================
Received Import Request.
  Time since last request: 0.000115 seconds.
  path: Assets/SkySeries Freebie/FreebieHdri/FluffballDayBottom.hdr
  artifactKey: Guid(42e0664ae4c5c424ebcd980a10687e18) Importer(815301076,1909f56bfc062723c751e8b465ee728b)
Start importing Assets/SkySeries Freebie/FreebieHdri/FluffballDayBottom.hdr using Guid(42e0664ae4c5c424ebcd980a10687e18) Importer(815301076,1909f56bfc062723c751e8b465ee728b)  -> (artifact id: '0902288541de217ff2bbebacba22ce96') in 0.061692 seconds
Number of updated asset objects reloaded before import = 0
Number of asset objects unloaded after import = 2
========================================================================
Received Import Request.
  Time since last request: 0.000051 seconds.
  path: Assets/SkySeries Freebie/FreebieHdri/FluffballDay4k.hdr
  artifactKey: Guid(3e80b688af9b1d84ea52c5d36bb1cbbd) Importer(815301076,1909f56bfc062723c751e8b465ee728b)
Start importing Assets/SkySeries Freebie/FreebieHdri/FluffballDay4k.hdr using Guid(3e80b688af9b1d84ea52c5d36bb1cbbd) Importer(815301076,1909f56bfc062723c751e8b465ee728b)  -> (artifact id: '7797daa1627a5317254883f3909cab8d') in 0.122538 seconds
Number of updated asset objects reloaded before import = 0
Number of asset objects unloaded after import = 1
========================================================================
Received Import Request.
  Time since last request: 0.000055 seconds.
  path: Assets/SkySeries Freebie/FreebieHdri/MegaSunBack.hdr
  artifactKey: Guid(4e52cbaf92b83a94cb86bed75ed34652) Importer(815301076,1909f56bfc062723c751e8b465ee728b)
Start importing Assets/SkySeries Freebie/FreebieHdri/MegaSunBack.hdr using Guid(4e52cbaf92b83a94cb86bed75ed34652) Importer(815301076,1909f56bfc062723c751e8b465ee728b)  -> (artifact id: '49dbf81dc7a6f05e1a228550dba89d5f') in 0.039244 seconds
Number of updated asset objects reloaded before import = 0
Number of asset objects unloaded after import = 2
========================================================================
Received Import Request.
  Time since last request: 0.000042 seconds.
  path: Assets/SkySeries Freebie/FreebieHdri/MegaSunBottom.hdr
  artifactKey: Guid(3de85f3af41435a4c8f9d237bc1f19ec) Importer(815301076,1909f56bfc062723c751e8b465ee728b)
Start importing Assets/SkySeries Freebie/FreebieHdri/MegaSunBottom.hdr using Guid(3de85f3af41435a4c8f9d237bc1f19ec) Importer(815301076,1909f56bfc062723c751e8b465ee728b)  -> (artifact id: '144435be4581e1eb96018fd7851c08e7') in 0.050698 seconds
Number of updated asset objects reloaded before import = 0
Number of asset objects unloaded after import = 2
========================================================================
Received Import Request.
  Time since last request: 0.000042 seconds.
  path: Assets/SkySeries Freebie/FreebieHdri/FluffballDayRight.hdr
  artifactKey: Guid(669daa4bd63e4204dacb9aa01a164a7f) Importer(815301076,1909f56bfc062723c751e8b465ee728b)
Start importing Assets/SkySeries Freebie/FreebieHdri/FluffballDayRight.hdr using Guid(669daa4bd63e4204dacb9aa01a164a7f) Importer(815301076,1909f56bfc062723c751e8b465ee728b)  -> (artifact id: 'ea9bb3104349d82f3ee5d185234eb11c') in 0.046802 seconds
Number of updated asset objects reloaded before import = 0
Number of asset objects unloaded after import = 2
========================================================================
Received Import Request.
  Time since last request: 0.000041 seconds.
  path: Assets/SkySeries Freebie/FreebieHdri/DarkStorm4K.hdr
  artifactKey: Guid(762f22ba43541df4e95e0e7126e8d96c) Importer(815301076,1909f56bfc062723c751e8b465ee728b)
Start importing Assets/SkySeries Freebie/FreebieHdri/DarkStorm4K.hdr using Guid(762f22ba43541df4e95e0e7126e8d96c) Importer(815301076,1909f56bfc062723c751e8b465ee728b)  -> (artifact id: '31beea97a1452327e9309a439138e705') in 0.081615 seconds
Number of updated asset objects reloaded before import = 0
Number of asset objects unloaded after import = 1
========================================================================
Received Import Request.
  Time since last request: 605838.425191 seconds.
  path: Assets/SkySeries Freebie/FreebieHdri/SkyhighFluffycloudField4k.hdr
  artifactKey: Guid(18a0be10f0f64ac4c9f679d68e2cf857) Importer(815301076,1909f56bfc062723c751e8b465ee728b)
Start importing Assets/SkySeries Freebie/FreebieHdri/SkyhighFluffycloudField4k.hdr using Guid(18a0be10f0f64ac4c9f679d68e2cf857) Importer(815301076,1909f56bfc062723c751e8b465ee728b)  -> (artifact id: 'c6466a294cfc94166993ea7e372746c5') in 0.256624 seconds
Number of updated asset objects reloaded before import = 0
Number of asset objects unloaded after import = 1
========================================================================
Received Import Request.
  Time since last request: 0.000120 seconds.
  path: Assets/SkySeries Freebie/FreebieHdri/UnearthlyRed4k.hdr
  artifactKey: Guid(a3de28b69b48944438c87668bd722ae7) Importer(815301076,1909f56bfc062723c751e8b465ee728b)
Start importing Assets/SkySeries Freebie/FreebieHdri/UnearthlyRed4k.hdr using Guid(a3de28b69b48944438c87668bd722ae7) Importer(815301076,1909f56bfc062723c751e8b465ee728b)  -> (artifact id: 'a00de4deb165958d4b0a337d38cba40a') in 0.077791 seconds
Number of updated asset objects reloaded before import = 0
Number of asset objects unloaded after import = 1
========================================================================
Received Import Request.
  Time since last request: 597373.504528 seconds.
  path: Assets/Models/DiffuseWarp.mat
  artifactKey: Guid(df1cb9dadcdc7cb4992be3a1af856c24) Importer(815301076,1909f56bfc062723c751e8b465ee728b)
Start importing Assets/Models/DiffuseWarp.mat using Guid(df1cb9dadcdc7cb4992be3a1af856c24) Importer(815301076,1909f56bfc062723c751e8b465ee728b)  -> (artifact id: 'f35c7ea4997fa3ea0b3c9f226cd57db0') in 0.388724 seconds
Number of updated asset objects reloaded before import = 0
Number of asset objects unloaded after import = 3
========================================================================
Received Import Request.
  Time since last request: 3210.676007 seconds.
  path: Assets/Models/Toon.mat
  artifactKey: Guid(3198b40ec48f48f4da4985d71b13db39) Importer(815301076,1909f56bfc062723c751e8b465ee728b)
Start importing Assets/Models/Toon.mat using Guid(3198b40ec48f48f4da4985d71b13db39) Importer(815301076,1909f56bfc062723c751e8b465ee728b)  -> (artifact id: '72eee7d96538f8da726230c06c2e9cd5') in 0.249671 seconds
Number of updated asset objects reloaded before import = 0
Number of asset objects unloaded after import = 2
========================================================================
Received Import Request.
  Time since last request: 20.589014 seconds.
  path: Assets/Food_FREE/Meshes/banana_001.fbx
  artifactKey: Guid(75def7bcd833c6d48b914c8b78f48891) Importer(815301076,1909f56bfc062723c751e8b465ee728b)
Start importing Assets/Food_FREE/Meshes/banana_001.fbx using Guid(75def7bcd833c6d48b914c8b78f48891) Importer(815301076,1909f56bfc062723c751e8b465ee728b)  -> (artifact id: '5b47303cb2aace312d93e2ba98994193') in 0.391386 seconds
Number of updated asset objects reloaded before import = 0
Number of asset objects unloaded after import = 7
========================================================================
Received Import Request.
  Time since last request: 0.000052 seconds.
  path: Assets/Food_FREE/Meshes/coffee_001.fbx
  artifactKey: Guid(874cc5bc24933b042abbece65c83575d) Importer(815301076,1909f56bfc062723c751e8b465ee728b)
Start importing Assets/Food_FREE/Meshes/coffee_001.fbx using Guid(874cc5bc24933b042abbece65c83575d) Importer(815301076,1909f56bfc062723c751e8b465ee728b)  -> (artifact id: 'a9b2d6e87b99b90161e81b575b2bf9b2') in 0.049274 seconds
Number of updated asset objects reloaded before import = 0
Number of asset objects unloaded after import = 7
========================================================================
Received Import Request.
  Time since last request: 0.000066 seconds.
  path: Assets/Food_FREE/Meshes/tomato_001.fbx
  artifactKey: Guid(0fe214b4718d3fc41aa37c205ae164ec) Importer(815301076,1909f56bfc062723c751e8b465ee728b)
Start importing Assets/Food_FREE/Meshes/tomato_001.fbx using Guid(0fe214b4718d3fc41aa37c205ae164ec) Importer(815301076,1909f56bfc062723c751e8b465ee728b)  -> (artifact id: '2589798b90103405d340b07b85882a3b') in 0.045755 seconds
Number of updated asset objects reloaded before import = 0
Number of asset objects unloaded after import = 7
========================================================================
Received Import Request.
  Time since last request: 0.000033 seconds.
  path: Assets/Food_FREE/Meshes/drink_004.fbx
  artifactKey: Guid(0de433cdd2e4443429aa1ea006d5ed6f) Importer(815301076,1909f56bfc062723c751e8b465ee728b)
Start importing Assets/Food_FREE/Meshes/drink_004.fbx using Guid(0de433cdd2e4443429aa1ea006d5ed6f) Importer(815301076,1909f56bfc062723c751e8b465ee728b)  -> (artifact id: '3d6eb8a5ba305a673bb47183e4860285') in 0.044269 seconds
Number of updated asset objects reloaded before import = 0
Number of asset objects unloaded after import = 7
========================================================================
Received Import Request.
  Time since last request: 0.000043 seconds.
  path: Assets/Food_FREE/Meshes/sushi_dish_001.fbx
  artifactKey: Guid(a290a309ed93f924b8c5e5727f903d00) Importer(815301076,1909f56bfc062723c751e8b465ee728b)
Start importing Assets/Food_FREE/Meshes/sushi_dish_001.fbx using Guid(a290a309ed93f924b8c5e5727f903d00) Importer(815301076,1909f56bfc062723c751e8b465ee728b)  -> (artifact id: '8acd17583a3055ac2529665668e14eb9') in 0.047277 seconds
Number of updated asset objects reloaded before import = 0
Number of asset objects unloaded after import = 7
========================================================================
Received Import Request.
  Time since last request: 0.000038 seconds.
  path: Assets/Food_FREE/Meshes/burger_001.fbx
  artifactKey: Guid(b9e0dc1ab0567274ca3d07fa03c545f0) Importer(815301076,1909f56bfc062723c751e8b465ee728b)
Start importing Assets/Food_FREE/Meshes/burger_001.fbx using Guid(b9e0dc1ab0567274ca3d07fa03c545f0) Importer(815301076,1909f56bfc062723c751e8b465ee728b)  -> (artifact id: 'adb932c225e42d5af4a7a0ee68a6fae2') in 0.044449 seconds
Number of updated asset objects reloaded before import = 0
Number of asset objects unloaded after import = 7
========================================================================
Received Import Request.
  Time since last request: 0.000034 seconds.
  path: Assets/Food_FREE/Meshes/wineglass_001.fbx
  artifactKey: Guid(a85c04d0f7dd0a14e988a543bd46a93d) Importer(815301076,1909f56bfc062723c751e8b465ee728b)
Start importing Assets/Food_FREE/Meshes/wineglass_001.fbx using Guid(a85c04d0f7dd0a14e988a543bd46a93d) Importer(815301076,1909f56bfc062723c751e8b465ee728b)  -> (artifact id: '3d3c8714b583398ea8de80338fcb57b5') in 0.042282 seconds
Number of updated asset objects reloaded before import = 0
Number of asset objects unloaded after import = 7
========================================================================
Received Import Request.
  Time since last request: 0.000140 seconds.
  path: Assets/Food_FREE/Meshes/carrot_001.fbx
  artifactKey: Guid(2428bc9b446678141b15545e45551790) Importer(815301076,1909f56bfc062723c751e8b465ee728b)
Start importing Assets/Food_FREE/Meshes/carrot_001.fbx using Guid(2428bc9b446678141b15545e45551790) Importer(815301076,1909f56bfc062723c751e8b465ee728b)  -> (artifact id: '6ae87f1bd00e49a9b14e835d43c46337') in 0.041137 seconds
Number of updated asset objects reloaded before import = 0
Number of asset objects unloaded after import = 7
========================================================================
Received Import Request.
  Time since last request: 0.000034 seconds.
  path: Assets/Food_FREE/Meshes/yogurt_001.fbx
  artifactKey: Guid(fcc9a477b25cb8a49a54aeb8fd4e21e5) Importer(815301076,1909f56bfc062723c751e8b465ee728b)
Start importing Assets/Food_FREE/Meshes/yogurt_001.fbx using Guid(fcc9a477b25cb8a49a54aeb8fd4e21e5) Importer(815301076,1909f56bfc062723c751e8b465ee728b)  -> (artifact id: 'ef074ab5e8c966c0725c5165d5692bd4') in 0.043628 seconds
Number of updated asset objects reloaded before import = 0
Number of asset objects unloaded after import = 7
========================================================================
Received Import Request.
  Time since last request: 0.000029 seconds.
  path: Assets/Food_FREE/Meshes/wineglass_002.fbx
  artifactKey: Guid(3f99848e2dea54c44bd892c8b71bf04e) Importer(815301076,1909f56bfc062723c751e8b465ee728b)
Start importing Assets/Food_FREE/Meshes/wineglass_002.fbx using Guid(3f99848e2dea54c44bd892c8b71bf04e) Importer(815301076,1909f56bfc062723c751e8b465ee728b)  -> (artifact id: '4d22efb211265b4fcf745e15be8752c9') in 0.042421 seconds
Number of updated asset objects reloaded before import = 0
Number of asset objects unloaded after import = 7
========================================================================
Received Import Request.
  Time since last request: 0.000040 seconds.
  path: Assets/Food_FREE/Meshes/drink_001.fbx
  artifactKey: Guid(405951cf51ef9e5449650a260d9c7d7d) Importer(815301076,1909f56bfc062723c751e8b465ee728b)
Start importing Assets/Food_FREE/Meshes/drink_001.fbx using Guid(405951cf51ef9e5449650a260d9c7d7d) Importer(815301076,1909f56bfc062723c751e8b465ee728b)  -> (artifact id: '5f5b9105eeb4b478bd319a05e8c01fbf') in 0.043929 seconds
Number of updated asset objects reloaded before import = 0
Number of asset objects unloaded after import = 7
========================================================================
Received Import Request.
  Time since last request: 0.000033 seconds.
  path: Assets/Food_FREE/Meshes/sausages_001.fbx
  artifactKey: Guid(1a8ac2d74773764459a79d717ae3ab9f) Importer(815301076,1909f56bfc062723c751e8b465ee728b)
Start importing Assets/Food_FREE/Meshes/sausages_001.fbx using Guid(1a8ac2d74773764459a79d717ae3ab9f) Importer(815301076,1909f56bfc062723c751e8b465ee728b)  -> (artifact id: '6a046a45b6f49e323ff5c7e7c7a15ff7') in 0.039121 seconds
Number of updated asset objects reloaded before import = 0
Number of asset objects unloaded after import = 7
========================================================================
Received Import Request.
  Time since last request: 991.228047 seconds.
  path: Assets/Food_FREE/Prefabs/banana_001.prefab
  artifactKey: Guid(148f39c355dbcd342a77c5edbfb43792) Importer(815301076,1909f56bfc062723c751e8b465ee728b)
Start importing Assets/Food_FREE/Prefabs/banana_001.prefab using Guid(148f39c355dbcd342a77c5edbfb43792) Importer(815301076,1909f56bfc062723c751e8b465ee728b)  -> (artifact id: '12d4e2dccc4808c4c861c66d96b9a84f') in 0.061281 seconds
Number of updated asset objects reloaded before import = 0
Number of asset objects unloaded after import = 16
========================================================================
Received Import Request.
  Time since last request: 0.000033 seconds.
  path: Assets/Food_FREE/Prefabs/burger_001.prefab
  artifactKey: Guid(c7232173ec62a4648bc000bf0b5baf1a) Importer(815301076,1909f56bfc062723c751e8b465ee728b)
Start importing Assets/Food_FREE/Prefabs/burger_001.prefab using Guid(c7232173ec62a4648bc000bf0b5baf1a) Importer(815301076,1909f56bfc062723c751e8b465ee728b)  -> (artifact id: '9376b43255a7a48c3299165f9aa065c2') in 0.024795 seconds
Number of updated asset objects reloaded before import = 0
Number of asset objects unloaded after import = 16
========================================================================
Received Import Request.
  Time since last request: 0.000040 seconds.
  path: Assets/Food_FREE/Prefabs/ice_cream_dish_001.prefab
  artifactKey: Guid(22f70e163a75b0643b7e1dfc8599f1a5) Importer(815301076,1909f56bfc062723c751e8b465ee728b)
Start importing Assets/Food_FREE/Prefabs/ice_cream_dish_001.prefab using Guid(22f70e163a75b0643b7e1dfc8599f1a5) Importer(815301076,1909f56bfc062723c751e8b465ee728b)  -> (artifact id: '2a68babd1ea55f4b4d89a5db9bcebed9') in 0.026254 seconds
Number of updated asset objects reloaded before import = 0
Number of asset objects unloaded after import = 16
========================================================================
Received Import Request.
  Time since last request: 0.000025 seconds.
  path: Assets/Food_FREE/Prefabs/peach_001.prefab
  artifactKey: Guid(ff395a592fd37a64faade66bb8598f75) Importer(815301076,1909f56bfc062723c751e8b465ee728b)
Start importing Assets/Food_FREE/Prefabs/peach_001.prefab using Guid(ff395a592fd37a64faade66bb8598f75) Importer(815301076,1909f56bfc062723c751e8b465ee728b)  -> (artifact id: '82f192179c4b27d0276cf98d48ece098') in 0.024264 seconds
Number of updated asset objects reloaded before import = 0
Number of asset objects unloaded after import = 16
========================================================================
Received Import Request.
  Time since last request: 0.000023 seconds.
  path: Assets/Food_FREE/Prefabs/donut_001.prefab
  artifactKey: Guid(557f13dbb2a6872439b8c75bf3271c5d) Importer(815301076,1909f56bfc062723c751e8b465ee728b)
Start importing Assets/Food_FREE/Prefabs/donut_001.prefab using Guid(557f13dbb2a6872439b8c75bf3271c5d) Importer(815301076,1909f56bfc062723c751e8b465ee728b)  -> (artifact id: 'e6ed600bd7f47d7c00ea31f58baf1c5e') in 0.039956 seconds
Number of updated asset objects reloaded before import = 0
Number of asset objects unloaded after import = 16
========================================================================
Received Import Request.
  Time since last request: 0.000031 seconds.
  path: Assets/Food_FREE/Prefabs/wineglass_001.prefab
  artifactKey: Guid(2a40e4178ccfbc34bbd02a2aa5924c4d) Importer(815301076,1909f56bfc062723c751e8b465ee728b)
Start importing Assets/Food_FREE/Prefabs/wineglass_001.prefab using Guid(2a40e4178ccfbc34bbd02a2aa5924c4d) Importer(815301076,1909f56bfc062723c751e8b465ee728b)  -> (artifact id: '800d4c01e0a5bdbbda530c22e8331346') in 0.029958 seconds
Number of updated asset objects reloaded before import = 0
Number of asset objects unloaded after import = 16
========================================================================
Received Import Request.
  Time since last request: 0.000024 seconds.
  path: Assets/Food_FREE/Prefabs/coffee_002.prefab
  artifactKey: Guid(e78c24f1f6682d048beb3ea4986f41bb) Importer(815301076,1909f56bfc062723c751e8b465ee728b)
Start importing Assets/Food_FREE/Prefabs/coffee_002.prefab using Guid(e78c24f1f6682d048beb3ea4986f41bb) Importer(815301076,1909f56bfc062723c751e8b465ee728b)  -> (artifact id: '99c0f7aa6738c3b7dd5f9ffc4aaa1dcd') in 0.033390 seconds
Number of updated asset objects reloaded before import = 0
Number of asset objects unloaded after import = 16
========================================================================
Received Import Request.
  Time since last request: 0.000034 seconds.
  path: Assets/Food_FREE/Prefabs/sausages_001.prefab
  artifactKey: Guid(d1f70b40c48b823429bc0d9adc4c0a09) Importer(815301076,1909f56bfc062723c751e8b465ee728b)
Start importing Assets/Food_FREE/Prefabs/sausages_001.prefab using Guid(d1f70b40c48b823429bc0d9adc4c0a09) Importer(815301076,1909f56bfc062723c751e8b465ee728b)  -> (artifact id: '381265f6bca2292561f2d2f630568e4e') in 0.028394 seconds
Number of updated asset objects reloaded before import = 0
Number of asset objects unloaded after import = 16
========================================================================
Received Import Request.
  Time since last request: 0.000024 seconds.
  path: Assets/Food_FREE/Prefabs/drink_003.prefab
  artifactKey: Guid(e3a10d9641710d041a51eb9a528a6e9a) Importer(815301076,1909f56bfc062723c751e8b465ee728b)
Start importing Assets/Food_FREE/Prefabs/drink_003.prefab using Guid(e3a10d9641710d041a51eb9a528a6e9a) Importer(815301076,1909f56bfc062723c751e8b465ee728b)  -> (artifact id: '92768fb8d871c12041c9aa8be70a30e3') in 0.027428 seconds
Number of updated asset objects reloaded before import = 0
Number of asset objects unloaded after import = 16
========================================================================
Received Import Request.
  Time since last request: 0.000091 seconds.
  path: Assets/Food_FREE/Prefabs/tomato_001.prefab
  artifactKey: Guid(31ec181664c141943b9c7bee2d073cbf) Importer(815301076,1909f56bfc062723c751e8b465ee728b)
Start importing Assets/Food_FREE/Prefabs/tomato_001.prefab using Guid(31ec181664c141943b9c7bee2d073cbf) Importer(815301076,1909f56bfc062723c751e8b465ee728b)  -> (artifact id: '09fa0623b0e0c8eb5d1a2f37f1a47e8b') in 0.032100 seconds
Number of updated asset objects reloaded before import = 0
Number of asset objects unloaded after import = 16
========================================================================
Received Import Request.
  Time since last request: 0.000042 seconds.
  path: Assets/Food_FREE/Prefabs/eggplant_001.prefab
  artifactKey: Guid(24598e7b217c94e4dbe0f0024ed2125f) Importer(815301076,1909f56bfc062723c751e8b465ee728b)
Start importing Assets/Food_FREE/Prefabs/eggplant_001.prefab using Guid(24598e7b217c94e4dbe0f0024ed2125f) Importer(815301076,1909f56bfc062723c751e8b465ee728b)  -> (artifact id: '1398848c7726192e0f7baa008aaa80fc') in 0.032682 seconds
Number of updated asset objects reloaded before import = 0
Number of asset objects unloaded after import = 16
========================================================================
Received Import Request.
  Time since last request: 0.000035 seconds.
  path: Assets/Food_FREE/Prefabs/wineglass_002.prefab
  artifactKey: Guid(4be770614820e82428bff74e713e0134) Importer(815301076,1909f56bfc062723c751e8b465ee728b)
Start importing Assets/Food_FREE/Prefabs/wineglass_002.prefab using Guid(4be770614820e82428bff74e713e0134) Importer(815301076,1909f56bfc062723c751e8b465ee728b)  -> (artifact id: '0e9ff24e5d3da403c58f2118ae0b9bc2') in 0.029489 seconds
Number of updated asset objects reloaded before import = 0
Number of asset objects unloaded after import = 16
========================================================================
Received Import Request.
  Time since last request: 3532.628272 seconds.
  path: Assets/Models/Rim Material.mat
  artifactKey: Guid(5e8ce70d23b012e419e053193b455278) Importer(815301076,1909f56bfc062723c751e8b465ee728b)
Start importing Assets/Models/Rim Material.mat using Guid(5e8ce70d23b012e419e053193b455278) Importer(815301076,1909f56bfc062723c751e8b465ee728b)  -> (artifact id: '0148b6763808aed4a8318ba1233f6fdb') in 0.331566 seconds
Number of updated asset objects reloaded before import = 0
Number of asset objects unloaded after import = 4
========================================================================
Received Import Request.
  Time since last request: 592776.016892 seconds.
  path: Assets/Food_FREE/Prefabs/banana_001.prefab
  artifactKey: Guid(148f39c355dbcd342a77c5edbfb43792) Importer(815301076,1909f56bfc062723c751e8b465ee728b)
Start importing Assets/Food_FREE/Prefabs/banana_001.prefab using Guid(148f39c355dbcd342a77c5edbfb43792) Importer(815301076,1909f56bfc062723c751e8b465ee728b)  -> (artifact id: '1d009b362b3048ac8012d38e94d184a8') in 0.185564 seconds
Number of updated asset objects reloaded before import = 0
Number of asset objects unloaded after import = 17
========================================================================
Received Import Request.
  Time since last request: 0.000034 seconds.
  path: Assets/Food_FREE/Prefabs/chips_001.prefab
  artifactKey: Guid(90eef2986e5621946bc6c49fa7c1bb59) Importer(815301076,1909f56bfc062723c751e8b465ee728b)
Start importing Assets/Food_FREE/Prefabs/chips_001.prefab using Guid(90eef2986e5621946bc6c49fa7c1bb59) Importer(815301076,1909f56bfc062723c751e8b465ee728b)  -> (artifact id: '1a0eceaa139a48b5c5c6ac8f4c074abc') in 0.039863 seconds
Number of updated asset objects reloaded before import = 0
Number of asset objects unloaded after import = 17
========================================================================
Received Import Request.
  Time since last request: 0.000028 seconds.
  path: Assets/Food_FREE/Prefabs/coffee_001.prefab
  artifactKey: Guid(556e828522c2d664dacf6dde91f68efb) Importer(815301076,1909f56bfc062723c751e8b465ee728b)
Start importing Assets/Food_FREE/Prefabs/coffee_001.prefab using Guid(556e828522c2d664dacf6dde91f68efb) Importer(815301076,1909f56bfc062723c751e8b465ee728b)  -> (artifact id: '40a892e945dcff978891e82376651cea') in 0.036630 seconds
Number of updated asset objects reloaded before import = 0
Number of asset objects unloaded after import = 17
========================================================================
Received Import Request.
  Time since last request: 0.000018 seconds.
  path: Assets/Food_FREE/Prefabs/burger_001.prefab
  artifactKey: Guid(c7232173ec62a4648bc000bf0b5baf1a) Importer(815301076,1909f56bfc062723c751e8b465ee728b)
Start importing Assets/Food_FREE/Prefabs/burger_001.prefab using Guid(c7232173ec62a4648bc000bf0b5baf1a) Importer(815301076,1909f56bfc062723c751e8b465ee728b)  -> (artifact id: '21267bcc9a72815c79509e23cba9ad5a') in 0.037430 seconds
Number of updated asset objects reloaded before import = 0
Number of asset objects unloaded after import = 17
========================================================================
Received Import Request.
  Time since last request: 0.000026 seconds.
  path: Assets/Food_FREE/Prefabs/peach_001.prefab
  artifactKey: Guid(ff395a592fd37a64faade66bb8598f75) Importer(815301076,1909f56bfc062723c751e8b465ee728b)
Start importing Assets/Food_FREE/Prefabs/peach_001.prefab using Guid(ff395a592fd37a64faade66bb8598f75) Importer(815301076,1909f56bfc062723c751e8b465ee728b)  -> (artifact id: '9d864f98ec054b7503a283079787ef2c') in 0.038692 seconds
Number of updated asset objects reloaded before import = 0
Number of asset objects unloaded after import = 17
========================================================================
Received Import Request.
  Time since last request: 0.000137 seconds.
  path: Assets/Food_FREE/Prefabs/donut_001.prefab
  artifactKey: Guid(557f13dbb2a6872439b8c75bf3271c5d) Importer(815301076,1909f56bfc062723c751e8b465ee728b)
Start importing Assets/Food_FREE/Prefabs/donut_001.prefab using Guid(557f13dbb2a6872439b8c75bf3271c5d) Importer(815301076,1909f56bfc062723c751e8b465ee728b)  -> (artifact id: 'd2bfb8c524dc37c26df9093630b8c9cb') in 0.036480 seconds
Number of updated asset objects reloaded before import = 0
Number of asset objects unloaded after import = 17
========================================================================
Received Import Request.
  Time since last request: 0.000031 seconds.
  path: Assets/Food_FREE/Prefabs/fork_001.prefab
  artifactKey: Guid(58ecccecc9dac3849a79803e56ccc86c) Importer(815301076,1909f56bfc062723c751e8b465ee728b)
Start importing Assets/Food_FREE/Prefabs/fork_001.prefab using Guid(58ecccecc9dac3849a79803e56ccc86c) Importer(815301076,1909f56bfc062723c751e8b465ee728b)  -> (artifact id: '3afed707bfe2dc1655e2678c34cec08e') in 0.045023 seconds
Number of updated asset objects reloaded before import = 0
Number of asset objects unloaded after import = 17
========================================================================
Received Import Request.
  Time since last request: 0.000034 seconds.
  path: Assets/Food_FREE/Prefabs/carrot_001.prefab
  artifactKey: Guid(60568abbed781d643a95fe465ddf7d89) Importer(815301076,1909f56bfc062723c751e8b465ee728b)
Start importing Assets/Food_FREE/Prefabs/carrot_001.prefab using Guid(60568abbed781d643a95fe465ddf7d89) Importer(815301076,1909f56bfc062723c751e8b465ee728b)  -> (artifact id: '5f60bf0e93796bfc74fd5491434fa204') in 0.036639 seconds
Number of updated asset objects reloaded before import = 0
Number of asset objects unloaded after import = 17
========================================================================
Received Import Request.
  Time since last request: 0.000033 seconds.
  path: Assets/Food_FREE/Prefabs/sausages_001.prefab
  artifactKey: Guid(d1f70b40c48b823429bc0d9adc4c0a09) Importer(815301076,1909f56bfc062723c751e8b465ee728b)
Start importing Assets/Food_FREE/Prefabs/sausages_001.prefab using Guid(d1f70b40c48b823429bc0d9adc4c0a09) Importer(815301076,1909f56bfc062723c751e8b465ee728b)  -> (artifact id: '366595c8ce106a143791e7498fcb5ec7') in 0.036359 seconds
Number of updated asset objects reloaded before import = 0
Number of asset objects unloaded after import = 17
========================================================================
Received Import Request.
  Time since last request: 0.000042 seconds.
  path: Assets/Food_FREE/Prefabs/drink_003.prefab
  artifactKey: Guid(e3a10d9641710d041a51eb9a528a6e9a) Importer(815301076,1909f56bfc062723c751e8b465ee728b)
Start importing Assets/Food_FREE/Prefabs/drink_003.prefab using Guid(e3a10d9641710d041a51eb9a528a6e9a) Importer(815301076,1909f56bfc062723c751e8b465ee728b)  -> (artifact id: 'b7db31a123818cefc74c37033b11a3e7') in 0.033702 seconds
Number of updated asset objects reloaded before import = 0
Number of asset objects unloaded after import = 17
========================================================================
Received Import Request.
  Time since last request: 0.000033 seconds.
  path: Assets/Food_FREE/Prefabs/sushi_dish_001.prefab
  artifactKey: Guid(33bd3696e4ffca649b47370f28ae1193) Importer(815301076,1909f56bfc062723c751e8b465ee728b)
Start importing Assets/Food_FREE/Prefabs/sushi_dish_001.prefab using Guid(33bd3696e4ffca649b47370f28ae1193) Importer(815301076,1909f56bfc062723c751e8b465ee728b)  -> (artifact id: '17c9911f949a312283dd461f10503ce9') in 0.032488 seconds
Number of updated asset objects reloaded before import = 0
Number of asset objects unloaded after import = 17
========================================================================
Received Import Request.
  Time since last request: 0.000017 seconds.
  path: Assets/Food_FREE/Prefabs/eggplant_001.prefab
  artifactKey: Guid(24598e7b217c94e4dbe0f0024ed2125f) Importer(815301076,1909f56bfc062723c751e8b465ee728b)
Start importing Assets/Food_FREE/Prefabs/eggplant_001.prefab using Guid(24598e7b217c94e4dbe0f0024ed2125f) Importer(815301076,1909f56bfc062723c751e8b465ee728b)  -> (artifact id: 'a9e5f3b6b6c2d327fe10e40207851ad7') in 0.031907 seconds
Number of updated asset objects reloaded before import = 0
Number of asset objects unloaded after import = 17
========================================================================
Received Import Request.
  Time since last request: 0.000027 seconds.
  path: Assets/Food_FREE/Prefabs/wineglass_002.prefab
  artifactKey: Guid(4be770614820e82428bff74e713e0134) Importer(815301076,1909f56bfc062723c751e8b465ee728b)
Start importing Assets/Food_FREE/Prefabs/wineglass_002.prefab using Guid(4be770614820e82428bff74e713e0134) Importer(815301076,1909f56bfc062723c751e8b465ee728b)  -> (artifact id: 'b8c08c169a6ad07f35ae4939c86bac41') in 0.032523 seconds
Number of updated asset objects reloaded before import = 0
Number of asset objects unloaded after import = 17
